2025-08-30 10:34:13.718 [main] INFO  c.h.r.s.consumer.ConsumerApplication - Starting ConsumerApplication using Java 17.0.15 with PID 12588 (D:\java_new_project\simple-rpc-framework\rpc-spring-boot-samples\rpc-spring-boot-consumer-sample\target\classes started by hejie in D:\java_new_project\simple-rpc-framework)
2025-08-30 10:34:13.719 [main] DEBUG c.h.r.s.consumer.ConsumerApplication - Running with Spring Boot v3.2.0, Spring v6.1.0
2025-08-30 10:34:13.720 [main] INFO  c.h.r.s.consumer.ConsumerApplication - The following 1 profile is active: "dev"
2025-08-30 10:34:14.284 [main] INFO  c.h.r.s.b.c.RpcAutoConfiguration - RpcAutoConfiguration 正在初始化...
2025-08-30 10:34:14.286 [main] WARN  o.s.c.s.PostProcessorRegistrationDelegate$BeanPostProcessorChecker - Bean 'com.hejiexmu.rpc.spring.boot.config.RpcAutoConfiguration' of type [com.hejiexmu.rpc.spring.boot.config.RpcAutoConfiguration$$SpringCGLIB$$0] is not eligible for getting processed by all BeanPostProcessors (for example: not eligible for auto-proxying). The currently created BeanPostProcessor [rpcReferenceProcessor] is declared through a non-static factory method on that class; consider declaring it as static instead.
2025-08-30 10:34:14.303 [main] WARN  o.s.c.s.PostProcessorRegistrationDelegate$BeanPostProcessorChecker - Bean 'rpc-com.hejiexmu.rpc.spring.boot.properties.RpcProperties' of type [com.hejiexmu.rpc.spring.boot.properties.RpcProperties] is not eligible for getting processed by all BeanPostProcessors (for example: not eligible for auto-proxying). Is this bean getting eagerly injected into a currently created BeanPostProcessor [rpcReferenceProcessor]? Check the corresponding BeanPostProcessor declaration and its dependencies.
2025-08-30 10:34:14.303 [main] INFO  c.h.r.s.b.c.RpcAutoConfiguration - 初始化服务注册中心：类型=zookeeper, 地址=192.168.109.103:2181
2025-08-30 10:34:14.363 [main] INFO  o.a.c.f.imps.CuratorFrameworkImpl - Starting
2025-08-30 10:34:14.374 [main] INFO  org.apache.zookeeper.ZooKeeper - Client environment:zookeeper.version=3.7.0-e3704b390a6697bfdf4b0bef79e3da7a4f6bac4b, built on 2021-03-17 09:46 UTC
2025-08-30 10:34:14.374 [main] INFO  org.apache.zookeeper.ZooKeeper - Client environment:host.name=LAPTOP-GN08CH6I
2025-08-30 10:34:14.375 [main] INFO  org.apache.zookeeper.ZooKeeper - Client environment:java.version=17.0.15
2025-08-30 10:34:14.375 [main] INFO  org.apache.zookeeper.ZooKeeper - Client environment:java.vendor=Oracle Corporation
2025-08-30 10:34:14.375 [main] INFO  org.apache.zookeeper.ZooKeeper - Client environment:java.home=D:\program\hspjdk17
2025-08-30 10:34:14.375 [main] INFO  org.apache.zookeeper.ZooKeeper - Client environment:java.class.path=D:\java_new_project\simple-rpc-framework\rpc-spring-boot-samples\rpc-spring-boot-consumer-sample\target\classes;D:\program\hjmaven\repository\org\springframework\boot\spring-boot-starter-web\3.2.0\spring-boot-starter-web-3.2.0.jar;D:\program\hjmaven\repository\org\springframework\boot\spring-boot-starter-json\3.2.0\spring-boot-starter-json-3.2.0.jar;D:\program\hjmaven\repository\com\fasterxml\jackson\core\jackson-databind\2.15.3\jackson-databind-2.15.3.jar;D:\program\hjmaven\repository\com\fasterxml\jackson\core\jackson-annotations\2.15.3\jackson-annotations-2.15.3.jar;D:\program\hjmaven\repository\com\fasterxml\jackson\core\jackson-core\2.15.3\jackson-core-2.15.3.jar;D:\program\hjmaven\repository\com\fasterxml\jackson\datatype\jackson-datatype-jdk8\2.15.3\jackson-datatype-jdk8-2.15.3.jar;D:\program\hjmaven\repository\com\fasterxml\jackson\datatype\jackson-datatype-jsr310\2.15.3\jackson-datatype-jsr310-2.15.3.jar;D:\program\hjmaven\repository\com\fasterxml\jackson\module\jackson-module-parameter-names\2.15.3\jackson-module-parameter-names-2.15.3.jar;D:\program\hjmaven\repository\org\springframework\boot\spring-boot-starter-tomcat\3.2.0\spring-boot-starter-tomcat-3.2.0.jar;D:\program\hjmaven\repository\org\apache\tomcat\embed\tomcat-embed-core\10.1.16\tomcat-embed-core-10.1.16.jar;D:\program\hjmaven\repository\org\apache\tomcat\embed\tomcat-embed-el\10.1.16\tomcat-embed-el-10.1.16.jar;D:\program\hjmaven\repository\org\apache\tomcat\embed\tomcat-embed-websocket\10.1.16\tomcat-embed-websocket-10.1.16.jar;D:\program\hjmaven\repository\org\springframework\spring-web\6.1.1\spring-web-6.1.1.jar;D:\program\hjmaven\repository\org\springframework\spring-beans\6.1.1\spring-beans-6.1.1.jar;D:\program\hjmaven\repository\io\micrometer\micrometer-observation\1.12.0\micrometer-observation-1.12.0.jar;D:\program\hjmaven\repository\io\micrometer\micrometer-commons\1.12.0\micrometer-commons-1.12.0.jar;D:\program\hjmaven\repository\org\springframework\spring-webmvc\6.1.1\spring-webmvc-6.1.1.jar;D:\program\hjmaven\repository\org\springframework\spring-aop\6.1.1\spring-aop-6.1.1.jar;D:\program\hjmaven\repository\org\springframework\spring-expression\6.1.1\spring-expression-6.1.1.jar;D:\program\hjmaven\repository\org\springframework\boot\spring-boot-starter-thymeleaf\3.2.0\spring-boot-starter-thymeleaf-3.2.0.jar;D:\program\hjmaven\repository\org\thymeleaf\thymeleaf-spring6\3.1.2.RELEASE\thymeleaf-spring6-3.1.2.RELEASE.jar;D:\program\hjmaven\repository\org\thymeleaf\thymeleaf\3.1.2.RELEASE\thymeleaf-3.1.2.RELEASE.jar;D:\program\hjmaven\repository\org\attoparser\attoparser\2.0.7.RELEASE\attoparser-2.0.7.RELEASE.jar;D:\program\hjmaven\repository\org\unbescape\unbescape\1.1.6.RELEASE\unbescape-1.1.6.RELEASE.jar;D:\java_new_project\simple-rpc-framework\rpc-spring-boot-starter\target\classes;D:\program\hjmaven\repository\org\springframework\boot\spring-boot-autoconfigure\3.2.0\spring-boot-autoconfigure-3.2.0.jar;D:\program\hjmaven\repository\org\springframework\spring-context\6.1.0\spring-context-6.1.0.jar;D:\java_new_project\simple-rpc-framework\rpc-core\target\classes;D:\java_new_project\simple-rpc-framework\rpc-client\target\classes;D:\java_new_project\simple-rpc-framework\rpc-netty\target\classes;D:\java_new_project\simple-rpc-framework\rpc-server\target\classes;D:\java_new_project\simple-rpc-framework\rpc-registry\target\classes;D:\java_new_project\simple-rpc-framework\rpc-serialization\target\classes;D:\program\hjmaven\repository\com\google\protobuf\protobuf-java\3.24.0\protobuf-java-3.24.0.jar;D:\program\hjmaven\repository\com\caucho\hessian\4.0.66\hessian-4.0.66.jar;D:\program\hjmaven\repository\de\javakaffee\kryo-serializers\0.45\kryo-serializers-0.45.jar;D:\program\hjmaven\repository\io\protostuff\protostuff-core\1.8.0\protostuff-core-1.8.0.jar;D:\program\hjmaven\repository\io\protostuff\protostuff-api\1.8.0\protostuff-api-1.8.0.jar;D:\program\hjmaven\repository\io\protostuff\protostuff-runtime\1.8.0\protostuff-runtime-1.8.0.jar;D:\program\hjmaven\repository\io\protostuff\protostuff-collectionschema\1.8.0\protostuff-collectionschema-1.8.0.jar;D:\java_new_project\simple-rpc-framework\rpc-spring-boot-samples\rpc-spring-boot-api\target\classes;D:\program\hjmaven\repository\org\springframework\boot\spring-boot-starter\3.2.0\spring-boot-starter-3.2.0.jar;D:\program\hjmaven\repository\org\springframework\boot\spring-boot\3.2.0\spring-boot-3.2.0.jar;D:\program\hjmaven\repository\org\springframework\boot\spring-boot-starter-logging\3.2.0\spring-boot-starter-logging-3.2.0.jar;D:\program\hjmaven\repository\org\apache\logging\log4j\log4j-to-slf4j\2.21.1\log4j-to-slf4j-2.21.1.jar;D:\program\hjmaven\repository\org\apache\logging\log4j\log4j-api\2.21.1\log4j-api-2.21.1.jar;D:\program\hjmaven\repository\org\slf4j\jul-to-slf4j\2.0.9\jul-to-slf4j-2.0.9.jar;D:\program\hjmaven\repository\jakarta\annotation\jakarta.annotation-api\2.1.1\jakarta.annotation-api-2.1.1.jar;D:\program\hjmaven\repository\org\springframework\spring-core\6.1.1\spring-core-6.1.1.jar;D:\program\hjmaven\repository\org\springframework\spring-jcl\6.1.1\spring-jcl-6.1.1.jar;D:\program\hjmaven\repository\org\yaml\snakeyaml\2.2\snakeyaml-2.2.jar;D:\program\hjmaven\repository\org\projectlombok\lombok\1.18.38\lombok-1.18.38.jar;D:\program\hjmaven\repository\io\netty\netty-all\4.1.65.Final\netty-all-4.1.65.Final.jar;D:\program\hjmaven\repository\com\esotericsoftware\kryo\5.2.0\kryo-5.2.0.jar;D:\program\hjmaven\repository\com\esotericsoftware\reflectasm\1.11.9\reflectasm-1.11.9.jar;D:\program\hjmaven\repository\org\objenesis\objenesis\3.2\objenesis-3.2.jar;D:\program\hjmaven\repository\com\esotericsoftware\minlog\1.3.1\minlog-1.3.1.jar;D:\program\hjmaven\repository\org\apache\curator\curator-framework\5.1.0\curator-framework-5.1.0.jar;D:\program\hjmaven\repository\org\apache\curator\curator-client\5.1.0\curator-client-5.1.0.jar;D:\program\hjmaven\repository\com\google\guava\guava\27.0.1-jre\guava-27.0.1-jre.jar;D:\program\hjmaven\repository\com\google\guava\failureaccess\1.0.1\failureaccess-1.0.1.jar;D:\program\hjmaven\repository\com\google\guava\listenablefuture\9999.0-empty-to-avoid-conflict-with-guava\listenablefuture-9999.0-empty-to-avoid-conflict-with-guava.jar;D:\program\hjmaven\repository\com\google\code\findbugs\jsr305\3.0.2\jsr305-3.0.2.jar;D:\program\hjmaven\repository\org\checkerframework\checker-qual\2.5.2\checker-qual-2.5.2.jar;D:\program\hjmaven\repository\com\google\errorprone\error_prone_annotations\2.2.0\error_prone_annotations-2.2.0.jar;D:\program\hjmaven\repository\com\google\j2objc\j2objc-annotations\1.1\j2objc-annotations-1.1.jar;D:\program\hjmaven\repository\org\codehaus\mojo\animal-sniffer-annotations\1.17\animal-sniffer-annotations-1.17.jar;D:\program\hjmaven\repository\org\apache\curator\curator-recipes\5.1.0\curator-recipes-5.1.0.jar;D:\program\hjmaven\repository\org\apache\zookeeper\zookeeper\3.7.0\zookeeper-3.7.0.jar;D:\program\hjmaven\repository\org\apache\zookeeper\zookeeper-jute\3.7.0\zookeeper-jute-3.7.0.jar;D:\program\hjmaven\repository\org\apache\yetus\audience-annotations\0.12.0\audience-annotations-0.12.0.jar;D:\program\hjmaven\repository\io\netty\netty-handler\4.1.59.Final\netty-handler-4.1.59.Final.jar;D:\program\hjmaven\repository\io\netty\netty-common\4.1.59.Final\netty-common-4.1.59.Final.jar;D:\program\hjmaven\repository\io\netty\netty-resolver\4.1.59.Final\netty-resolver-4.1.59.Final.jar;D:\program\hjmaven\repository\io\netty\netty-buffer\4.1.59.Final\netty-buffer-4.1.59.Final.jar;D:\program\hjmaven\repository\io\netty\netty-transport\4.1.59.Final\netty-transport-4.1.59.Final.jar;D:\program\hjmaven\repository\io\netty\netty-codec\4.1.59.Final\netty-codec-4.1.59.Final.jar;D:\program\hjmaven\repository\io\netty\netty-transport-native-epoll\4.1.59.Final\netty-transport-native-epoll-4.1.59.Final.jar;D:\program\hjmaven\repository\io\netty\netty-transport-native-unix-common\4.1.59.Final\netty-transport-native-unix-common-4.1.59.Final.jar;D:\program\hjmaven\repository\log4j\log4j\1.2.17\log4j-1.2.17.jar;D:\program\hjmaven\repository\org\slf4j\slf4j-api\2.0.9\slf4j-api-2.0.9.jar;D:\program\hjmaven\repository\ch\qos\logback\logback-classic\1.4.14\logback-classic-1.4.14.jar;D:\program\hjmaven\repository\ch\qos\logback\logback-core\1.4.14\logback-core-1.4.14.jar;D:\program\hjmaven\repository\cglib\cglib\3.3.0\cglib-3.3.0.jar;D:\program\hjmaven\repository\org\ow2\asm\asm\7.1\asm-7.1.jar
2025-08-30 10:34:14.375 [main] INFO  org.apache.zookeeper.ZooKeeper - Client environment:java.library.path=D:\program\hspjdk17\bin;C:\Windows\Sun\Java\bin;C:\Windows\system32;C:\Windows;C:\Program Files\Python313\Scripts\;C:\Program Files\Python313\;C:\Windows\system32;C:\Windows;C:\Windows\System32\Wbem;C:\Windows\System32\WindowsPowerShell\v1.0\;C:\Windows\System32\OpenSSH\;C:\Program Files\Lenovo\MemcMFT;C:\Windows\system32;C:\msys64\mingw64\bin;C:\Program Files\Microsoft VS Code\bin;c:\users\hejie\appdata\roaming\python\python313\scripts;C:\Users\hejie\anaconda3;C:\Users\hejie\anaconda3\Scripts;C:\Users\hejie\anaconda3\Library\bin;C:\Program Files (x86)\Windows Kits\10\Windows Performance Toolkit\;D:\Git\cmd;D:\javasoftware\nodejs\;d:\javasoftware\Trae\bin;D:\program\hspjdk17\bin;C:\Users\hejie\.cargo\bin;C:\Users\hejie\AppData\Local\Microsoft\WindowsApps;D:\MiKTeX\miktex\bin\x64\;C:\Users\hejie\AppData\Local\Pandoc\;D:\hejiemysql\mysql-5.7.19-winx64\bin;D:\program\hjmaven\apache-maven-3.9.9\bin;C:\Users\hejie\AppData\Roaming\npm;.
2025-08-30 10:34:14.375 [main] INFO  org.apache.zookeeper.ZooKeeper - Client environment:java.io.tmpdir=C:\Users\hejie\AppData\Local\Temp\
2025-08-30 10:34:14.375 [main] INFO  org.apache.zookeeper.ZooKeeper - Client environment:java.compiler=<NA>
2025-08-30 10:34:14.375 [main] INFO  org.apache.zookeeper.ZooKeeper - Client environment:os.name=Windows 11
2025-08-30 10:34:14.375 [main] INFO  org.apache.zookeeper.ZooKeeper - Client environment:os.arch=amd64
2025-08-30 10:34:14.375 [main] INFO  org.apache.zookeeper.ZooKeeper - Client environment:os.version=10.0
2025-08-30 10:34:14.375 [main] INFO  org.apache.zookeeper.ZooKeeper - Client environment:user.name=hejie
2025-08-30 10:34:14.375 [main] INFO  org.apache.zookeeper.ZooKeeper - Client environment:user.home=C:\Users\hejie
2025-08-30 10:34:14.375 [main] INFO  org.apache.zookeeper.ZooKeeper - Client environment:user.dir=D:\java_new_project\simple-rpc-framework
2025-08-30 10:34:14.375 [main] INFO  org.apache.zookeeper.ZooKeeper - Client environment:os.memory.free=25MB
2025-08-30 10:34:14.375 [main] INFO  org.apache.zookeeper.ZooKeeper - Client environment:os.memory.max=3998MB
2025-08-30 10:34:14.375 [main] INFO  org.apache.zookeeper.ZooKeeper - Client environment:os.memory.total=54MB
2025-08-30 10:34:14.377 [main] INFO  org.apache.zookeeper.ZooKeeper - Initiating client connection, connectString=192.168.109.103:2181 sessionTimeout=30000 watcher=org.apache.curator.ConnectionState@68b9834c
2025-08-30 10:34:14.380 [main] INFO  o.apache.zookeeper.common.X509Util - Setting -D jdk.tls.rejectClientInitiatedRenegotiation=true to disable client-initiated TLS renegotiation
2025-08-30 10:34:14.390 [main] INFO  o.apache.zookeeper.ClientCnxnSocket - jute.maxbuffer value is 1048575 Bytes
2025-08-30 10:34:14.396 [main] INFO  org.apache.zookeeper.ClientCnxn - zookeeper.request.timeout value is 0. feature enabled=false
2025-08-30 10:34:14.402 [main] INFO  o.a.c.f.imps.CuratorFrameworkImpl - Default schema
2025-08-30 10:34:23.863 [main-SendThread(192.168.109.103:2181)] INFO  org.apache.zookeeper.ClientCnxn - Opening socket connection to server 192.168.109.103/192.168.109.103:2181.
2025-08-30 10:34:23.864 [main-SendThread(192.168.109.103:2181)] INFO  org.apache.zookeeper.ClientCnxn - SASL config status: Will not attempt to authenticate using SASL (unknown error)
2025-08-30 10:34:23.867 [main-SendThread(192.168.109.103:2181)] INFO  org.apache.zookeeper.ClientCnxn - Socket connection established, initiating session, client: /192.168.109.1:52495, server: 192.168.109.103/192.168.109.103:2181
2025-08-30 10:34:23.874 [main-SendThread(192.168.109.103:2181)] INFO  org.apache.zookeeper.ClientCnxn - Session establishment complete on server 192.168.109.103/192.168.109.103:2181, session id = 0x10000002ec50007, negotiated timeout = 30000
2025-08-30 10:34:23.877 [main-EventThread] INFO  o.a.c.f.state.ConnectionStateManager - State change: CONNECTED
2025-08-30 10:34:23.887 [main-EventThread] INFO  o.a.c.framework.imps.EnsembleTracker - New config event received: {}
2025-08-30 10:34:23.887 [main-EventThread] INFO  o.a.c.framework.imps.EnsembleTracker - New config event received: {}
2025-08-30 10:34:23.896 [main] INFO  c.r.r.z.ZookeeperServiceRegistry - Zookeeper服务注册中心初始化成功，连接字符串：192.168.109.103:2181
2025-08-30 10:34:23.897 [main] WARN  o.s.c.s.PostProcessorRegistrationDelegate$BeanPostProcessorChecker - Bean 'serviceRegistry' of type [com.rpc.registry.zookeeper.ZookeeperServiceRegistry] is not eligible for getting processed by all BeanPostProcessors (for example: not eligible for auto-proxying). Is this bean getting eagerly injected into a currently created BeanPostProcessor [rpcReferenceProcessor]? Check the corresponding BeanPostProcessor declaration and its dependencies.
2025-08-30 10:34:23.898 [main] INFO  c.h.r.s.b.c.RpcAutoConfiguration - 初始化RPC客户端：负载均衡=random, 超时=5000, 连接池大小=10
2025-08-30 10:34:23.903 [main] DEBUG c.r.c.l.LoadBalancerFactory - 发现负载均衡器：random -> com.rpc.client.loadbalance.random.RandomLoadBalancer
2025-08-30 10:34:23.904 [main] DEBUG c.r.c.l.LoadBalancerFactory - 发现负载均衡器：round_robin -> com.rpc.client.loadbalance.robin.RoundRobinLoadBalancer
2025-08-30 10:34:23.905 [main] INFO  c.r.c.l.h.ConsistentHashLoadBalancer - 一致性哈希负载均衡器初始化完成，虚拟节点数量：160
2025-08-30 10:34:23.905 [main] DEBUG c.r.c.l.LoadBalancerFactory - 发现负载均衡器：consistent_hash -> com.rpc.client.loadbalance.hash.ConsistentHashLoadBalancer
2025-08-30 10:34:23.906 [main] INFO  c.r.c.l.lru.LRULoadBalancer - LRU负载均衡器初始化完成，缓存大小：100
2025-08-30 10:34:23.906 [main] DEBUG c.r.c.l.LoadBalancerFactory - 发现负载均衡器：lru -> com.rpc.client.loadbalance.lru.LRULoadBalancer
2025-08-30 10:34:23.907 [main] INFO  c.r.c.l.lfu.LFULoadBalancer - LFU负载均衡器初始化完成，最大跟踪服务数量：100
2025-08-30 10:34:23.907 [main] DEBUG c.r.c.l.LoadBalancerFactory - 发现负载均衡器：lfu -> com.rpc.client.loadbalance.lfu.LFULoadBalancer
2025-08-30 10:34:23.908 [main] INFO  c.r.c.l.LoadBalancerFactory - 成功加载 5 个负载均衡器实现
2025-08-30 10:34:23.908 [main] DEBUG c.r.c.l.LoadBalancerFactory - 通过SPI找到负载均衡器：random -> com.rpc.client.loadbalance.random.RandomLoadBalancer
2025-08-30 10:34:23.908 [main] INFO  c.r.c.l.LoadBalancerFactory - 成功创建负载均衡器：random -> RandomLoadBalancer
2025-08-30 10:34:23.910 [main] INFO  c.r.c.health.ConnectionHealthChecker - 启动连接健康检查器，检查间隔：30000ms
2025-08-30 10:34:23.911 [main] INFO  com.rpc.client.RpcClient - RPC客户端初始化完成，负载均衡算法：random，默认超时：5000ms，最大连接数：10
2025-08-30 10:34:23.915 [main] WARN  o.s.c.s.PostProcessorRegistrationDelegate$BeanPostProcessorChecker - Bean 'rpcClient' of type [com.rpc.client.RpcClient] is not eligible for getting processed by all BeanPostProcessors (for example: not eligible for auto-proxying). Is this bean getting eagerly injected into a currently created BeanPostProcessor [rpcReferenceProcessor]? Check the corresponding BeanPostProcessor declaration and its dependencies.
2025-08-30 10:34:23.917 [main] INFO  c.h.r.s.b.c.RpcAutoConfiguration - 初始化RPC引用处理器
2025-08-30 10:34:24.106 [main] INFO  o.s.b.w.e.tomcat.TomcatWebServer - Tomcat initialized with port 8071 (http)
2025-08-30 10:34:24.116 [main] INFO  o.a.coyote.http11.Http11NioProtocol - Initializing ProtocolHandler ["http-nio-8071"]
2025-08-30 10:34:24.117 [main] INFO  o.a.catalina.core.StandardService - Starting service [Tomcat]
2025-08-30 10:34:24.117 [main] INFO  o.a.catalina.core.StandardEngine - Starting Servlet engine: [Apache Tomcat/10.1.16]
2025-08-30 10:34:24.185 [main] INFO  o.a.c.c.C.[Tomcat].[localhost].[/] - Initializing Spring embedded WebApplicationContext
2025-08-30 10:34:24.185 [main] INFO  o.s.b.w.s.c.ServletWebServerApplicationContext - Root WebApplicationContext: initialization completed in 10424 ms
2025-08-30 10:34:24.243 [main] INFO  c.h.r.s.b.c.RpcCompatibilityConfiguration - 初始化RPC编程式API助手类
2025-08-30 10:34:24.267 [main] DEBUG c.r.r.z.ZookeeperServiceRegistry - 发现服务：com.hejiexmu.rpc.samples.api.service.UserService -> 1 个实例
2025-08-30 10:34:24.268 [main] DEBUG c.h.r.s.b.p.RpcReferenceProcessor - 从服务发现获取序列化类型：服务=com.hejiexmu.rpc.samples.api.service.UserService，版本=1.0.0，分组=default，序列化类型=1
2025-08-30 10:34:24.268 [main] INFO  c.rpc.client.factory.RpcProxyFactory - 创建RPC代理：interface=com.hejiexmu.rpc.samples.api.service.UserService，version=1.0.0，group=default，timeout=5000
2025-08-30 10:34:24.268 [main] INFO  c.h.r.s.b.p.RpcReferenceProcessor - RPC引用注入成功：字段=com.hejiexmu.rpc.samples.consumer.controller.UserController.userService, 接口=com.hejiexmu.rpc.samples.api.service.UserService, 版本=1.0.0, 分组=default
2025-08-30 10:34:24.310 [main] INFO  o.s.b.a.w.s.WelcomePageHandlerMapping - Adding welcome page: class path resource [static/index.html]
2025-08-30 10:34:24.501 [main] INFO  c.h.r.s.b.c.RpcAutoConfiguration - 初始化序列化器：类型=1
2025-08-30 10:34:24.501 [main] INFO  c.r.s.factory.SerializerFactory - 注册序列化器成功： Kryo 类型： 1
2025-08-30 10:34:24.501 [main] INFO  c.r.s.factory.SerializerFactory - 注册序列化器成功： JSON 类型： 2
2025-08-30 10:34:24.509 [main] INFO  c.r.s.factory.SerializerFactory - 注册序列化器成功： Protobuf 类型： 3
2025-08-30 10:34:24.518 [main] INFO  c.r.s.factory.SerializerFactory - 注册序列化器成功： Hessian 类型： 4
2025-08-30 10:34:24.526 [main] INFO  c.r.s.factory.SerializerFactory - 注册序列化器成功： JDK 类型： 5
2025-08-30 10:34:24.526 [main] INFO  c.r.s.factory.SerializerFactory - 注册序列化器成功： ProtoStuff 类型： 6
2025-08-30 10:34:24.528 [main] INFO  c.r.s.factory.SerializerFactory - 序列化器工厂初始化完成，默认序列化器：Kryo
2025-08-30 10:34:24.568 [main] INFO  o.a.coyote.http11.Http11NioProtocol - Starting ProtocolHandler ["http-nio-8071"]
2025-08-30 10:34:24.576 [main] INFO  o.s.b.w.e.tomcat.TomcatWebServer - Tomcat started on port 8071 (http) with context path ''
2025-08-30 10:34:24.585 [main] INFO  c.h.r.s.consumer.ConsumerApplication - Started ConsumerApplication in 11.343 seconds (process running for 11.846)
2025-08-30 10:34:24.585 [main] INFO  c.h.r.s.consumer.ConsumerApplication - RPC服务消费者启动成功！
2025-08-30 10:34:24.585 [main] INFO  c.h.r.s.consumer.ConsumerApplication - Web服务地址：http://localhost:8082
2025-08-30 10:34:24.585 [main] INFO  c.h.r.s.consumer.ConsumerApplication - API文档地址：http://localhost:8082/api/users
2025-08-30 10:34:24.585 [main] INFO  c.h.r.s.consumer.ConsumerApplication - 按 Ctrl+C 停止服务
2025-08-30 10:34:24.585 [main] INFO  c.h.r.s.consumer.ConsumerApplication - 可用的API端点：
2025-08-30 10:34:24.585 [main] INFO  c.h.r.s.consumer.ConsumerApplication -   GET  /api/users          - 获取所有用户
2025-08-30 10:34:24.585 [main] INFO  c.h.r.s.consumer.ConsumerApplication -   GET  /api/users/{id}     - 根据ID获取用户
2025-08-30 10:34:24.585 [main] INFO  c.h.r.s.consumer.ConsumerApplication -   GET  /api/users/username/{username} - 根据用户名获取用户
2025-08-30 10:34:24.585 [main] INFO  c.h.r.s.consumer.ConsumerApplication -   GET  /api/users/age-range?minAge=20&maxAge=30 - 根据年龄范围获取用户
2025-08-30 10:34:24.585 [main] INFO  c.h.r.s.consumer.ConsumerApplication -   GET  /api/users/exists/{username} - 检查用户名是否存在
2025-08-30 10:34:24.585 [main] INFO  c.h.r.s.consumer.ConsumerApplication -   GET  /api/users/count     - 获取用户总数
2025-08-30 10:34:24.585 [main] INFO  c.h.r.s.consumer.ConsumerApplication -   POST /api/users          - 创建用户
2025-08-30 10:34:24.585 [main] INFO  c.h.r.s.consumer.ConsumerApplication -   PUT  /api/users/{id}     - 更新用户
2025-08-30 10:34:24.585 [main] INFO  c.h.r.s.consumer.ConsumerApplication -   DELETE /api/users/{id}   - 删除用户
2025-08-30 10:34:24.585 [main] INFO  c.h.r.s.consumer.ConsumerApplication -   POST /api/users/batch    - 批量创建用户
2025-08-30 10:34:36.164 [http-nio-8071-exec-1] INFO  o.a.c.c.C.[Tomcat].[localhost].[/] - Initializing Spring DispatcherServlet 'dispatcherServlet'
2025-08-30 10:34:36.164 [http-nio-8071-exec-1] INFO  o.s.web.servlet.DispatcherServlet - Initializing Servlet 'dispatcherServlet'
2025-08-30 10:34:36.164 [http-nio-8071-exec-1] INFO  o.s.web.servlet.DispatcherServlet - Completed initialization in 0 ms
2025-08-30 10:34:36.239 [http-nio-8071-exec-2] INFO  c.h.r.s.c.c.ManagementController - 开始获取服务列表，serviceRegistry类型: com.rpc.registry.zookeeper.ZookeeperServiceRegistry
2025-08-30 10:34:36.242 [http-nio-8071-exec-2] INFO  c.h.r.s.c.c.ManagementController - 从注册中心获取到服务名称列表: [com.hejiexmu.rpc.samples.api.service.UserService, com.rpc.example.UserServiceImpl, com.hejiexmu.rpc.samples.provider.service.UserService, com.rpc.example.service.UserService, com.hejiexmu.rpc.samples.consumer.service.UserService, com.rpc.example.service.AsyncUserService, com.rpc.example.UserService, com.rpc.example.AsyncUserService]
2025-08-30 10:34:36.243 [http-nio-8071-exec-2] INFO  c.h.r.s.c.c.ManagementController - 正在处理服务: com.hejiexmu.rpc.samples.api.service.UserService
2025-08-30 10:34:36.245 [http-nio-8071-exec-2] DEBUG c.r.r.z.ZookeeperServiceRegistry - 发现服务：com.hejiexmu.rpc.samples.api.service.UserService -> 0 个实例
2025-08-30 10:34:36.246 [http-nio-8071-exec-2] INFO  c.h.r.s.c.c.ManagementController - 服务 com.hejiexmu.rpc.samples.api.service.UserService 通过直接发现找到实例数: 0
2025-08-30 10:34:36.246 [http-nio-8071-exec-2] INFO  c.h.r.s.c.c.ManagementController - 直接发现服务 com.hejiexmu.rpc.samples.api.service.UserService 没有结果，尝试使用版本和分组发现
2025-08-30 10:34:36.248 [http-nio-8071-exec-2] DEBUG c.r.r.z.ZookeeperServiceRegistry - 发现服务：com.hejiexmu.rpc.samples.api.service.UserService -> 1 个实例
2025-08-30 10:34:36.249 [http-nio-8071-exec-2] INFO  c.h.r.s.c.c.ManagementController - 服务 com.hejiexmu.rpc.samples.api.service.UserService 使用版本:1.0.0 分组:default 找到实例数: 1
2025-08-30 10:34:36.251 [http-nio-8071-exec-2] DEBUG c.r.r.z.ZookeeperServiceRegistry - 发现服务：com.hejiexmu.rpc.samples.api.service.UserService -> 0 个实例
2025-08-30 10:34:36.254 [http-nio-8071-exec-2] DEBUG c.r.r.z.ZookeeperServiceRegistry - 发现服务：com.hejiexmu.rpc.samples.api.service.UserService -> 0 个实例
2025-08-30 10:34:36.256 [http-nio-8071-exec-2] INFO  c.h.r.s.c.c.ManagementController - 成功添加服务: com.hejiexmu.rpc.samples.api.service.UserService 到结果列表
2025-08-30 10:34:36.256 [http-nio-8071-exec-2] INFO  c.h.r.s.c.c.ManagementController - 正在处理服务: com.rpc.example.UserServiceImpl
2025-08-30 10:34:36.260 [http-nio-8071-exec-2] DEBUG c.r.r.z.ZookeeperServiceRegistry - 发现服务：com.rpc.example.UserServiceImpl -> 0 个实例
2025-08-30 10:34:36.260 [http-nio-8071-exec-2] INFO  c.h.r.s.c.c.ManagementController - 服务 com.rpc.example.UserServiceImpl 通过直接发现找到实例数: 0
2025-08-30 10:34:36.260 [http-nio-8071-exec-2] INFO  c.h.r.s.c.c.ManagementController - 直接发现服务 com.rpc.example.UserServiceImpl 没有结果，尝试使用版本和分组发现
2025-08-30 10:34:36.262 [http-nio-8071-exec-2] DEBUG c.r.r.z.ZookeeperServiceRegistry - 发现服务：com.rpc.example.UserServiceImpl -> 0 个实例
2025-08-30 10:34:36.265 [http-nio-8071-exec-2] DEBUG c.r.r.z.ZookeeperServiceRegistry - 发现服务：com.rpc.example.UserServiceImpl -> 0 个实例
2025-08-30 10:34:36.270 [http-nio-8071-exec-2] DEBUG c.r.r.z.ZookeeperServiceRegistry - 发现服务：com.rpc.example.UserServiceImpl -> 0 个实例
2025-08-30 10:34:36.270 [http-nio-8071-exec-2] WARN  c.h.r.s.c.c.ManagementController - 服务 com.rpc.example.UserServiceImpl 没有找到任何实例，跳过显示
2025-08-30 10:34:36.271 [http-nio-8071-exec-2] INFO  c.h.r.s.c.c.ManagementController - 正在处理服务: com.hejiexmu.rpc.samples.provider.service.UserService
2025-08-30 10:34:36.274 [http-nio-8071-exec-2] DEBUG c.r.r.z.ZookeeperServiceRegistry - 发现服务：com.hejiexmu.rpc.samples.provider.service.UserService -> 0 个实例
2025-08-30 10:34:36.275 [http-nio-8071-exec-2] INFO  c.h.r.s.c.c.ManagementController - 服务 com.hejiexmu.rpc.samples.provider.service.UserService 通过直接发现找到实例数: 0
2025-08-30 10:34:36.275 [http-nio-8071-exec-2] INFO  c.h.r.s.c.c.ManagementController - 直接发现服务 com.hejiexmu.rpc.samples.provider.service.UserService 没有结果，尝试使用版本和分组发现
2025-08-30 10:34:36.277 [http-nio-8071-exec-2] DEBUG c.r.r.z.ZookeeperServiceRegistry - 发现服务：com.hejiexmu.rpc.samples.provider.service.UserService -> 0 个实例
2025-08-30 10:34:36.282 [http-nio-8071-exec-2] DEBUG c.r.r.z.ZookeeperServiceRegistry - 发现服务：com.hejiexmu.rpc.samples.provider.service.UserService -> 0 个实例
2025-08-30 10:34:36.286 [http-nio-8071-exec-2] DEBUG c.r.r.z.ZookeeperServiceRegistry - 发现服务：com.hejiexmu.rpc.samples.provider.service.UserService -> 0 个实例
2025-08-30 10:34:36.286 [http-nio-8071-exec-2] WARN  c.h.r.s.c.c.ManagementController - 服务 com.hejiexmu.rpc.samples.provider.service.UserService 没有找到任何实例，跳过显示
2025-08-30 10:34:36.286 [http-nio-8071-exec-2] INFO  c.h.r.s.c.c.ManagementController - 正在处理服务: com.rpc.example.service.UserService
2025-08-30 10:34:36.289 [http-nio-8071-exec-2] DEBUG c.r.r.z.ZookeeperServiceRegistry - 发现服务：com.rpc.example.service.UserService -> 0 个实例
2025-08-30 10:34:36.289 [http-nio-8071-exec-2] INFO  c.h.r.s.c.c.ManagementController - 服务 com.rpc.example.service.UserService 通过直接发现找到实例数: 0
2025-08-30 10:34:36.289 [http-nio-8071-exec-2] INFO  c.h.r.s.c.c.ManagementController - 直接发现服务 com.rpc.example.service.UserService 没有结果，尝试使用版本和分组发现
2025-08-30 10:34:36.291 [http-nio-8071-exec-2] DEBUG c.r.r.z.ZookeeperServiceRegistry - 发现服务：com.rpc.example.service.UserService -> 0 个实例
2025-08-30 10:34:36.295 [http-nio-8071-exec-2] DEBUG c.r.r.z.ZookeeperServiceRegistry - 发现服务：com.rpc.example.service.UserService -> 0 个实例
2025-08-30 10:34:36.301 [http-nio-8071-exec-2] DEBUG c.r.r.z.ZookeeperServiceRegistry - 发现服务：com.rpc.example.service.UserService -> 0 个实例
2025-08-30 10:34:36.301 [http-nio-8071-exec-2] WARN  c.h.r.s.c.c.ManagementController - 服务 com.rpc.example.service.UserService 没有找到任何实例，跳过显示
2025-08-30 10:34:36.301 [http-nio-8071-exec-2] INFO  c.h.r.s.c.c.ManagementController - 正在处理服务: com.hejiexmu.rpc.samples.consumer.service.UserService
2025-08-30 10:34:36.303 [http-nio-8071-exec-2] DEBUG c.r.r.z.ZookeeperServiceRegistry - 发现服务：com.hejiexmu.rpc.samples.consumer.service.UserService -> 0 个实例
2025-08-30 10:34:36.303 [http-nio-8071-exec-2] INFO  c.h.r.s.c.c.ManagementController - 服务 com.hejiexmu.rpc.samples.consumer.service.UserService 通过直接发现找到实例数: 0
2025-08-30 10:34:36.303 [http-nio-8071-exec-2] INFO  c.h.r.s.c.c.ManagementController - 直接发现服务 com.hejiexmu.rpc.samples.consumer.service.UserService 没有结果，尝试使用版本和分组发现
2025-08-30 10:34:36.310 [http-nio-8071-exec-2] DEBUG c.r.r.z.ZookeeperServiceRegistry - 发现服务：com.hejiexmu.rpc.samples.consumer.service.UserService -> 0 个实例
2025-08-30 10:34:36.311 [http-nio-8071-exec-2] WARN  c.h.r.s.c.c.ManagementController - 服务 com.hejiexmu.rpc.samples.consumer.service.UserService 没有找到任何实例，跳过显示
2025-08-30 10:34:36.311 [http-nio-8071-exec-2] INFO  c.h.r.s.c.c.ManagementController - 正在处理服务: com.rpc.example.service.AsyncUserService
2025-08-30 10:34:36.314 [http-nio-8071-exec-2] DEBUG c.r.r.z.ZookeeperServiceRegistry - 发现服务：com.rpc.example.service.AsyncUserService -> 0 个实例
2025-08-30 10:34:36.314 [http-nio-8071-exec-2] INFO  c.h.r.s.c.c.ManagementController - 服务 com.rpc.example.service.AsyncUserService 通过直接发现找到实例数: 0
2025-08-30 10:34:36.315 [http-nio-8071-exec-2] INFO  c.h.r.s.c.c.ManagementController - 直接发现服务 com.rpc.example.service.AsyncUserService 没有结果，尝试使用版本和分组发现
2025-08-30 10:34:36.316 [http-nio-8071-exec-2] DEBUG c.r.r.z.ZookeeperServiceRegistry - 发现服务：com.rpc.example.service.AsyncUserService -> 0 个实例
2025-08-30 10:34:36.319 [http-nio-8071-exec-2] DEBUG c.r.r.z.ZookeeperServiceRegistry - 发现服务：com.rpc.example.service.AsyncUserService -> 0 个实例
2025-08-30 10:34:36.324 [http-nio-8071-exec-2] DEBUG c.r.r.z.ZookeeperServiceRegistry - 发现服务：com.rpc.example.service.AsyncUserService -> 0 个实例
2025-08-30 10:34:36.324 [http-nio-8071-exec-2] WARN  c.h.r.s.c.c.ManagementController - 服务 com.rpc.example.service.AsyncUserService 没有找到任何实例，跳过显示
2025-08-30 10:34:36.324 [http-nio-8071-exec-2] INFO  c.h.r.s.c.c.ManagementController - 正在处理服务: com.rpc.example.UserService
2025-08-30 10:34:36.328 [http-nio-8071-exec-2] DEBUG c.r.r.z.ZookeeperServiceRegistry - 发现服务：com.rpc.example.UserService -> 0 个实例
2025-08-30 10:34:36.328 [http-nio-8071-exec-2] INFO  c.h.r.s.c.c.ManagementController - 服务 com.rpc.example.UserService 通过直接发现找到实例数: 0
2025-08-30 10:34:36.328 [http-nio-8071-exec-2] INFO  c.h.r.s.c.c.ManagementController - 直接发现服务 com.rpc.example.UserService 没有结果，尝试使用版本和分组发现
2025-08-30 10:34:36.331 [http-nio-8071-exec-2] DEBUG c.r.r.z.ZookeeperServiceRegistry - 发现服务：com.rpc.example.UserService -> 0 个实例
2025-08-30 10:34:36.333 [http-nio-8071-exec-2] DEBUG c.r.r.z.ZookeeperServiceRegistry - 发现服务：com.rpc.example.UserService -> 0 个实例
2025-08-30 10:34:36.338 [http-nio-8071-exec-2] DEBUG c.r.r.z.ZookeeperServiceRegistry - 发现服务：com.rpc.example.UserService -> 0 个实例
2025-08-30 10:34:36.338 [http-nio-8071-exec-2] WARN  c.h.r.s.c.c.ManagementController - 服务 com.rpc.example.UserService 没有找到任何实例，跳过显示
2025-08-30 10:34:36.338 [http-nio-8071-exec-2] INFO  c.h.r.s.c.c.ManagementController - 正在处理服务: com.rpc.example.AsyncUserService
2025-08-30 10:34:36.342 [http-nio-8071-exec-2] DEBUG c.r.r.z.ZookeeperServiceRegistry - 发现服务：com.rpc.example.AsyncUserService -> 0 个实例
2025-08-30 10:34:36.343 [http-nio-8071-exec-2] INFO  c.h.r.s.c.c.ManagementController - 服务 com.rpc.example.AsyncUserService 通过直接发现找到实例数: 0
2025-08-30 10:34:36.343 [http-nio-8071-exec-2] INFO  c.h.r.s.c.c.ManagementController - 直接发现服务 com.rpc.example.AsyncUserService 没有结果，尝试使用版本和分组发现
2025-08-30 10:34:36.344 [http-nio-8071-exec-2] DEBUG c.r.r.z.ZookeeperServiceRegistry - 发现服务：com.rpc.example.AsyncUserService -> 0 个实例
2025-08-30 10:34:36.349 [http-nio-8071-exec-2] DEBUG c.r.r.z.ZookeeperServiceRegistry - 发现服务：com.rpc.example.AsyncUserService -> 0 个实例
2025-08-30 10:34:36.353 [http-nio-8071-exec-2] DEBUG c.r.r.z.ZookeeperServiceRegistry - 发现服务：com.rpc.example.AsyncUserService -> 0 个实例
2025-08-30 10:34:36.353 [http-nio-8071-exec-2] WARN  c.h.r.s.c.c.ManagementController - 服务 com.rpc.example.AsyncUserService 没有找到任何实例，跳过显示
2025-08-30 10:34:36.353 [http-nio-8071-exec-2] INFO  c.h.r.s.c.c.ManagementController - 最终返回服务数量: 1
2025-08-30 10:34:46.412 [Thread-1] INFO  c.h.r.s.consumer.ConsumerApplication - 正在关闭RPC服务消费者...
2025-08-30 10:34:46.452 [SpringApplicationShutdownHook] INFO  com.rpc.client.RpcClient - 正在关闭RPC客户端...
2025-08-30 10:34:46.452 [SpringApplicationShutdownHook] INFO  c.r.c.health.ConnectionHealthChecker - 停止连接健康检查器
2025-08-30 10:34:46.452 [SpringApplicationShutdownHook] INFO  com.rpc.client.RpcClient - RPC客户端已关闭
